{
  "RSpec": {
    "coverage": {
      "/Users/manu/Development/code/ticketblaster/app/models/registration.rb": [
        1,
        1,
        1,
        null,
        1,
        null
      ],
      "/Users/manu/Development/code/ticketblaster/app/models/event.rb": [
        1,
        null,
        1,
        null,
        1,
        null,
        null,
        1,
        1,
        1,
        1,
        1,
        5,
        1,
        1,
        null,
        1,
        1,
        1,
        null,
        1,
        0,
        0,
        0,
        null,
        null,
        null,
        null,
        1,
        null,
        1,
        5,
        0,
        5,
        0,
        5,
        0,
        null,
        null,
        null,
        1,
        5,
        null,
        null,
        1,
        5,
        null,
        null,
        1,
        5,
        0,
        0,
        null,
        null,
        null,
        null
      ]
    },
    "timestamp": 1385432258
  }
}
