{
  "RSpec": {
    "coverage": {
      "/Users/VinneyCavallo/flatiron/projects/ticketblaster/app/models/event.rb": [
        1,
        null,
        1,
        null,
        1,
        null,
        null,
        1,
        1,
        1,
        1,
        1,
        26,
        1,
        1,
        null,
        1,
        1,
        1,
        null,
        1,
        0,
        0,
        0,
        null,
        null,
        null,
        null,
        1,
        null,
        1,
        26,
        0,
        26,
        1,
        25,
        1,
        null,
        null,
        null,
        1,
        38,
        null,
        null,
        1,
        0,
        null,
        null,
        1,
        38,
        0,
        0,
        null,
        null,
        null,
        null
      ],
      "/Users/VinneyCavallo/flatiron/projects/ticketblaster/app/models/custom_field.rb": [
        1,
        null,
        1,
        null,
        1,
        0,
        0,
        0,
        0,
        null,
        null,
        1,
        0,
        0,
        null,
        0,
        null,
        null,
        null
      ]
    },
    "timestamp": 1385478213
  }
}
